<?xml version="1.0" encoding="UTF-8"?>
<testsuite name="AdditionSpec" tests="2" skipped="0" failures="0" errors="0" timestamp="2018-02-28T09:48:36" hostname="Payal-Nigam" time="0.074">
  <properties/>
  <testcase name="canary test" classname="AdditionSpec" time="0.073"/>
  <testcase name="testSumStrings" classname="AdditionSpec" time="0.001"/>
  <system-out><![CDATA[this is canary test
]]></system-out>
  <system-err><![CDATA[]]></system-err>
</testsuite>
