<?xml version="1.0" encoding="UTF-8"?>
<testsuite name="DivisionTest" tests="1" skipped="0" failures="0" errors="0" timestamp="2018-02-28T09:48:36" hostname="Payal-Nigam" time="0.0">
  <properties/>
  <testcase name="testDivideByZero" classname="DivisionTest" time="0.0"/>
  <system-out><![CDATA[]]></system-out>
  <system-err><![CDATA[]]></system-err>
</testsuite>
